Started GET "/" for ::1 at 2024-09-09 11:09:41 +0300
  
ActiveRecord::ConnectionNotEstablished (connection to server on socket "/run/postgresql/.s.PGSQL.5432" failed: FATAL:  role "bchk" does not exist
):

Causes:
PG::ConnectionBad (connection to server on socket "/run/postgresql/.s.PGSQL.5432" failed: FATAL:  role "bchk" does not exist
)
  
activerecord (7.2.1) lib/active_record/connection_adapters/postgresql_adapter.rb:69:in `rescue in new_client'
activerecord (7.2.1) lib/active_record/connection_adapters/postgresql_adapter.rb:57:in `new_client'
activerecord (7.2.1) lib/active_record/connection_adapters/postgresql_adapter.rb:982:in `connect'
activerecord (7.2.1) lib/active_record/connection_adapters/postgresql_adapter.rb:994:in `reconnect'
activerecord (7.2.1) lib/active_record/connection_adapters/abstract_adapter.rb:662:in `block in reconnect!'
activesupport (7.2.1) lib/active_support/concurrency/null_lock.rb:9:in `synchronize'
activerecord (7.2.1) lib/active_record/connection_adapters/abstract_adapter.rb:661:in `reconnect!'
activerecord (7.2.1) lib/active_record/connection_adapters/abstract_adapter.rb:763:in `block in verify!'
activesupport (7.2.1) lib/active_support/concurrency/null_lock.rb:9:in `synchronize'
activerecord (7.2.1) lib/active_record/connection_adapters/abstract_adapter.rb:754:in `verify!'
activerecord (7.2.1) lib/active_record/connection_adapters/abstract_adapter.rb:771:in `connect!'
activerecord (7.2.1) lib/active_record/connection_adapters/abstract_adapter.rb:977:in `block in with_raw_connection'
activesupport (7.2.1) lib/active_support/concurrency/null_lock.rb:9:in `synchronize'
activerecord (7.2.1) lib/active_record/connection_adapters/abstract_adapter.rb:976:in `with_raw_connection'
activerecord (7.2.1) lib/active_record/connection_adapters/postgresql/quoting.rb:128:in `quote_string'
activerecord (7.2.1) lib/active_record/connection_adapters/abstract/quoting.rb:76:in `quote'
activerecord (7.2.1) lib/active_record/connection_adapters/postgresql/quoting.rb:122:in `quote'
activerecord (7.2.1) lib/active_record/connection_adapters/postgresql/schema_statements.rb:1097:in `quoted_scope'
activerecord (7.2.1) lib/active_record/connection_adapters/postgresql/schema_statements.rb:1074:in `data_source_sql'
activerecord (7.2.1) lib/active_record/connection_adapters/abstract/schema_statements.rb:60:in `table_exists?'
activerecord (7.2.1) lib/active_record/schema_migration.rb:54:in `block in create_table'
activerecord (7.2.1) lib/active_record/connection_adapters/abstract/connection_pool.rb:395:in `with_connection'
activerecord (7.2.1) lib/active_record/schema_migration.rb:53:in `create_table'
activerecord (7.2.1) lib/active_record/migration.rb:1434:in `initialize'
activerecord (7.2.1) lib/active_record/migration.rb:1282:in `new'
activerecord (7.2.1) lib/active_record/migration.rb:1282:in `open'
activerecord (7.2.1) lib/active_record/migration.rb:776:in `block (2 levels) in pending_migrations'
activerecord (7.2.1) lib/active_record/migration/pending_migration_connection.rb:8:in `with_temporary_pool'
activerecord (7.2.1) lib/active_record/migration.rb:775:in `block in pending_migrations'
activerecord (7.2.1) lib/active_record/migration.rb:774:in `each'
activerecord (7.2.1) lib/active_record/migration.rb:774:in `pending_migrations'
activerecord (7.2.1) lib/active_record/migration.rb:753:in `check_pending_migrations'
activerecord (7.2.1) lib/active_record/migration.rb:663:in `block (2 levels) in call'
activesupport (7.2.1) lib/active_support/file_update_checker.rb:85:in `execute'
activerecord (7.2.1) lib/active_record/migration.rb:668:in `block in call'
activerecord (7.2.1) lib/active_record/migration.rb:660:in `synchronize'
activerecord (7.2.1) lib/active_record/migration.rb:660:in `call'
actionpack (7.2.1) lib/action_dispatch/middleware/callbacks.rb:31:in `block in call'
activesupport (7.2.1) lib/active_support/callbacks.rb:101:in `run_callbacks'
actionpack (7.2.1) lib/action_dispatch/middleware/callbacks.rb:30:in `call'
actionpack (7.2.1) lib/action_dispatch/middleware/executor.rb:16:in `call'
actionpack (7.2.1) lib/action_dispatch/middleware/actionable_exceptions.rb:18:in `call'
actionpack (7.2.1) lib/action_dispatch/middleware/debug_exceptions.rb:31:in `call'
web-console (4.2.1) lib/web_console/middleware.rb:132:in `call_app'
web-console (4.2.1) lib/web_console/middleware.rb:28:in `block in call'
web-console (4.2.1) lib/web_console/middleware.rb:17:in `catch'
web-console (4.2.1) lib/web_console/middleware.rb:17:in `call'
actionpack (7.2.1) lib/action_dispatch/middleware/show_exceptions.rb:32:in `call'
railties (7.2.1) lib/rails/rack/logger.rb:41:in `call_app'
railties (7.2.1) lib/rails/rack/logger.rb:29:in `call'
sprockets-rails (3.5.2) lib/sprockets/rails/quiet_assets.rb:17:in `call'
actionpack (7.2.1) lib/action_dispatch/middleware/remote_ip.rb:96:in `call'
actionpack (7.2.1) lib/action_dispatch/middleware/request_id.rb:33:in `call'
rack (3.1.7) lib/rack/method_override.rb:28:in `call'
rack (3.1.7) lib/rack/runtime.rb:24:in `call'
activesupport (7.2.1) lib/active_support/cache/strategy/local_cache_middleware.rb:29:in `call'
actionpack (7.2.1) lib/action_dispatch/middleware/server_timing.rb:61:in `block in call'
actionpack (7.2.1) lib/action_dispatch/middleware/server_timing.rb:26:in `collect_events'
actionpack (7.2.1) lib/action_dispatch/middleware/server_timing.rb:60:in `call'
actionpack (7.2.1) lib/action_dispatch/middleware/executor.rb:16:in `call'
actionpack (7.2.1) lib/action_dispatch/middleware/static.rb:27:in `call'
rack (3.1.7) lib/rack/sendfile.rb:114:in `call'
actionpack (7.2.1) lib/action_dispatch/middleware/host_authorization.rb:143:in `call'
railties (7.2.1) lib/rails/engine.rb:535:in `call'
puma (6.4.2) lib/puma/configuration.rb:272:in `call'
puma (6.4.2) lib/puma/request.rb:100:in `block in handle_request'
puma (6.4.2) lib/puma/thread_pool.rb:378:in `with_force_shutdown'
puma (6.4.2) lib/puma/request.rb:99:in `handle_request'
puma (6.4.2) lib/puma/server.rb:464:in `process_client'
puma (6.4.2) lib/puma/server.rb:245:in `block in run'
puma (6.4.2) lib/puma/thread_pool.rb:155:in `block in spawn_thread'
Started GET "/" for ::1 at 2024-09-09 11:21:42 +0300
  
ActiveRecord::ConnectionNotEstablished (connection to server on socket "/run/postgresql/.s.PGSQL.5432" failed: FATAL:  role "bchk" does not exist
):

Causes:
PG::ConnectionBad (connection to server on socket "/run/postgresql/.s.PGSQL.5432" failed: FATAL:  role "bchk" does not exist
)
  
activerecord (7.2.1) lib/active_record/connection_adapters/postgresql_adapter.rb:69:in `rescue in new_client'
activerecord (7.2.1) lib/active_record/connection_adapters/postgresql_adapter.rb:57:in `new_client'
activerecord (7.2.1) lib/active_record/connection_adapters/postgresql_adapter.rb:982:in `connect'
activerecord (7.2.1) lib/active_record/connection_adapters/postgresql_adapter.rb:994:in `reconnect'
activerecord (7.2.1) lib/active_record/connection_adapters/abstract_adapter.rb:662:in `block in reconnect!'
activesupport (7.2.1) lib/active_support/concurrency/null_lock.rb:9:in `synchronize'
activerecord (7.2.1) lib/active_record/connection_adapters/abstract_adapter.rb:661:in `reconnect!'
activerecord (7.2.1) lib/active_record/connection_adapters/abstract_adapter.rb:763:in `block in verify!'
activesupport (7.2.1) lib/active_support/concurrency/null_lock.rb:9:in `synchronize'
activerecord (7.2.1) lib/active_record/connection_adapters/abstract_adapter.rb:754:in `verify!'
activerecord (7.2.1) lib/active_record/connection_adapters/abstract_adapter.rb:771:in `connect!'
activerecord (7.2.1) lib/active_record/connection_adapters/abstract_adapter.rb:977:in `block in with_raw_connection'
activesupport (7.2.1) lib/active_support/concurrency/null_lock.rb:9:in `synchronize'
activerecord (7.2.1) lib/active_record/connection_adapters/abstract_adapter.rb:976:in `with_raw_connection'
activerecord (7.2.1) lib/active_record/connection_adapters/postgresql/quoting.rb:128:in `quote_string'
activerecord (7.2.1) lib/active_record/connection_adapters/abstract/quoting.rb:76:in `quote'
activerecord (7.2.1) lib/active_record/connection_adapters/postgresql/quoting.rb:122:in `quote'
activerecord (7.2.1) lib/active_record/connection_adapters/postgresql/schema_statements.rb:1097:in `quoted_scope'
activerecord (7.2.1) lib/active_record/connection_adapters/postgresql/schema_statements.rb:1074:in `data_source_sql'
activerecord (7.2.1) lib/active_record/connection_adapters/abstract/schema_statements.rb:60:in `table_exists?'
activerecord (7.2.1) lib/active_record/schema_migration.rb:54:in `block in create_table'
activerecord (7.2.1) lib/active_record/connection_adapters/abstract/connection_pool.rb:395:in `with_connection'
activerecord (7.2.1) lib/active_record/schema_migration.rb:53:in `create_table'
activerecord (7.2.1) lib/active_record/migration.rb:1434:in `initialize'
activerecord (7.2.1) lib/active_record/migration.rb:1282:in `new'
activerecord (7.2.1) lib/active_record/migration.rb:1282:in `open'
activerecord (7.2.1) lib/active_record/migration.rb:776:in `block (2 levels) in pending_migrations'
activerecord (7.2.1) lib/active_record/migration/pending_migration_connection.rb:8:in `with_temporary_pool'
activerecord (7.2.1) lib/active_record/migration.rb:775:in `block in pending_migrations'
activerecord (7.2.1) lib/active_record/migration.rb:774:in `each'
activerecord (7.2.1) lib/active_record/migration.rb:774:in `pending_migrations'
activerecord (7.2.1) lib/active_record/migration.rb:753:in `check_pending_migrations'
activerecord (7.2.1) lib/active_record/migration.rb:663:in `block (2 levels) in call'
activesupport (7.2.1) lib/active_support/file_update_checker.rb:85:in `execute'
activerecord (7.2.1) lib/active_record/migration.rb:668:in `block in call'
activerecord (7.2.1) lib/active_record/migration.rb:660:in `synchronize'
activerecord (7.2.1) lib/active_record/migration.rb:660:in `call'
actionpack (7.2.1) lib/action_dispatch/middleware/callbacks.rb:31:in `block in call'
activesupport (7.2.1) lib/active_support/callbacks.rb:101:in `run_callbacks'
actionpack (7.2.1) lib/action_dispatch/middleware/callbacks.rb:30:in `call'
actionpack (7.2.1) lib/action_dispatch/middleware/executor.rb:16:in `call'
actionpack (7.2.1) lib/action_dispatch/middleware/actionable_exceptions.rb:18:in `call'
actionpack (7.2.1) lib/action_dispatch/middleware/debug_exceptions.rb:31:in `call'
web-console (4.2.1) lib/web_console/middleware.rb:132:in `call_app'
web-console (4.2.1) lib/web_console/middleware.rb:28:in `block in call'
web-console (4.2.1) lib/web_console/middleware.rb:17:in `catch'
web-console (4.2.1) lib/web_console/middleware.rb:17:in `call'
actionpack (7.2.1) lib/action_dispatch/middleware/show_exceptions.rb:32:in `call'
railties (7.2.1) lib/rails/rack/logger.rb:41:in `call_app'
railties (7.2.1) lib/rails/rack/logger.rb:29:in `call'
sprockets-rails (3.5.2) lib/sprockets/rails/quiet_assets.rb:17:in `call'
actionpack (7.2.1) lib/action_dispatch/middleware/remote_ip.rb:96:in `call'
actionpack (7.2.1) lib/action_dispatch/middleware/request_id.rb:33:in `call'
rack (3.1.7) lib/rack/method_override.rb:28:in `call'
rack (3.1.7) lib/rack/runtime.rb:24:in `call'
activesupport (7.2.1) lib/active_support/cache/strategy/local_cache_middleware.rb:29:in `call'
actionpack (7.2.1) lib/action_dispatch/middleware/server_timing.rb:61:in `block in call'
actionpack (7.2.1) lib/action_dispatch/middleware/server_timing.rb:26:in `collect_events'
actionpack (7.2.1) lib/action_dispatch/middleware/server_timing.rb:60:in `call'
actionpack (7.2.1) lib/action_dispatch/middleware/executor.rb:16:in `call'
actionpack (7.2.1) lib/action_dispatch/middleware/static.rb:27:in `call'
rack (3.1.7) lib/rack/sendfile.rb:114:in `call'
actionpack (7.2.1) lib/action_dispatch/middleware/host_authorization.rb:143:in `call'
railties (7.2.1) lib/rails/engine.rb:535:in `call'
puma (6.4.2) lib/puma/configuration.rb:272:in `call'
puma (6.4.2) lib/puma/request.rb:100:in `block in handle_request'
puma (6.4.2) lib/puma/thread_pool.rb:378:in `with_force_shutdown'
puma (6.4.2) lib/puma/request.rb:99:in `handle_request'
puma (6.4.2) lib/puma/server.rb:464:in `process_client'
puma (6.4.2) lib/puma/server.rb:245:in `block in run'
puma (6.4.2) lib/puma/thread_pool.rb:155:in `block in spawn_thread'
Started GET "/favicon.ico" for ::1 at 2024-09-09 11:21:42 +0300
  
ActiveRecord::ConnectionNotEstablished (connection to server on socket "/run/postgresql/.s.PGSQL.5432" failed: FATAL:  role "bchk" does not exist
):

Causes:
PG::ConnectionBad (connection to server on socket "/run/postgresql/.s.PGSQL.5432" failed: FATAL:  role "bchk" does not exist
)
  
activerecord (7.2.1) lib/active_record/connection_adapters/postgresql_adapter.rb:69:in `rescue in new_client'
activerecord (7.2.1) lib/active_record/connection_adapters/postgresql_adapter.rb:57:in `new_client'
activerecord (7.2.1) lib/active_record/connection_adapters/postgresql_adapter.rb:982:in `connect'
activerecord (7.2.1) lib/active_record/connection_adapters/postgresql_adapter.rb:994:in `reconnect'
activerecord (7.2.1) lib/active_record/connection_adapters/abstract_adapter.rb:662:in `block in reconnect!'
activesupport (7.2.1) lib/active_support/concurrency/null_lock.rb:9:in `synchronize'
activerecord (7.2.1) lib/active_record/connection_adapters/abstract_adapter.rb:661:in `reconnect!'
activerecord (7.2.1) lib/active_record/connection_adapters/abstract_adapter.rb:763:in `block in verify!'
activesupport (7.2.1) lib/active_support/concurrency/null_lock.rb:9:in `synchronize'
activerecord (7.2.1) lib/active_record/connection_adapters/abstract_adapter.rb:754:in `verify!'
activerecord (7.2.1) lib/active_record/connection_adapters/abstract_adapter.rb:771:in `connect!'
activerecord (7.2.1) lib/active_record/connection_adapters/abstract_adapter.rb:977:in `block in with_raw_connection'
activesupport (7.2.1) lib/active_support/concurrency/null_lock.rb:9:in `synchronize'
activerecord (7.2.1) lib/active_record/connection_adapters/abstract_adapter.rb:976:in `with_raw_connection'
activerecord (7.2.1) lib/active_record/connection_adapters/postgresql/quoting.rb:128:in `quote_string'
activerecord (7.2.1) lib/active_record/connection_adapters/abstract/quoting.rb:76:in `quote'
activerecord (7.2.1) lib/active_record/connection_adapters/postgresql/quoting.rb:122:in `quote'
activerecord (7.2.1) lib/active_record/connection_adapters/postgresql/schema_statements.rb:1097:in `quoted_scope'
activerecord (7.2.1) lib/active_record/connection_adapters/postgresql/schema_statements.rb:1074:in `data_source_sql'
activerecord (7.2.1) lib/active_record/connection_adapters/abstract/schema_statements.rb:60:in `table_exists?'
activerecord (7.2.1) lib/active_record/schema_migration.rb:54:in `block in create_table'
activerecord (7.2.1) lib/active_record/connection_adapters/abstract/connection_pool.rb:395:in `with_connection'
activerecord (7.2.1) lib/active_record/schema_migration.rb:53:in `create_table'
activerecord (7.2.1) lib/active_record/migration.rb:1434:in `initialize'
activerecord (7.2.1) lib/active_record/migration.rb:1282:in `new'
activerecord (7.2.1) lib/active_record/migration.rb:1282:in `open'
activerecord (7.2.1) lib/active_record/migration.rb:776:in `block (2 levels) in pending_migrations'
activerecord (7.2.1) lib/active_record/migration/pending_migration_connection.rb:8:in `with_temporary_pool'
activerecord (7.2.1) lib/active_record/migration.rb:775:in `block in pending_migrations'
activerecord (7.2.1) lib/active_record/migration.rb:774:in `each'
activerecord (7.2.1) lib/active_record/migration.rb:774:in `pending_migrations'
activerecord (7.2.1) lib/active_record/migration.rb:753:in `check_pending_migrations'
activerecord (7.2.1) lib/active_record/migration.rb:663:in `block (2 levels) in call'
activesupport (7.2.1) lib/active_support/file_update_checker.rb:85:in `execute'
activerecord (7.2.1) lib/active_record/migration.rb:668:in `block in call'
activerecord (7.2.1) lib/active_record/migration.rb:660:in `synchronize'
activerecord (7.2.1) lib/active_record/migration.rb:660:in `call'
actionpack (7.2.1) lib/action_dispatch/middleware/callbacks.rb:31:in `block in call'
activesupport (7.2.1) lib/active_support/callbacks.rb:101:in `run_callbacks'
actionpack (7.2.1) lib/action_dispatch/middleware/callbacks.rb:30:in `call'
actionpack (7.2.1) lib/action_dispatch/middleware/executor.rb:16:in `call'
actionpack (7.2.1) lib/action_dispatch/middleware/actionable_exceptions.rb:18:in `call'
actionpack (7.2.1) lib/action_dispatch/middleware/debug_exceptions.rb:31:in `call'
web-console (4.2.1) lib/web_console/middleware.rb:132:in `call_app'
web-console (4.2.1) lib/web_console/middleware.rb:28:in `block in call'
web-console (4.2.1) lib/web_console/middleware.rb:17:in `catch'
web-console (4.2.1) lib/web_console/middleware.rb:17:in `call'
actionpack (7.2.1) lib/action_dispatch/middleware/show_exceptions.rb:32:in `call'
railties (7.2.1) lib/rails/rack/logger.rb:41:in `call_app'
railties (7.2.1) lib/rails/rack/logger.rb:29:in `call'
sprockets-rails (3.5.2) lib/sprockets/rails/quiet_assets.rb:17:in `call'
actionpack (7.2.1) lib/action_dispatch/middleware/remote_ip.rb:96:in `call'
actionpack (7.2.1) lib/action_dispatch/middleware/request_id.rb:33:in `call'
rack (3.1.7) lib/rack/method_override.rb:28:in `call'
rack (3.1.7) lib/rack/runtime.rb:24:in `call'
activesupport (7.2.1) lib/active_support/cache/strategy/local_cache_middleware.rb:29:in `call'
actionpack (7.2.1) lib/action_dispatch/middleware/server_timing.rb:61:in `block in call'
actionpack (7.2.1) lib/action_dispatch/middleware/server_timing.rb:26:in `collect_events'
actionpack (7.2.1) lib/action_dispatch/middleware/server_timing.rb:60:in `call'
actionpack (7.2.1) lib/action_dispatch/middleware/executor.rb:16:in `call'
actionpack (7.2.1) lib/action_dispatch/middleware/static.rb:27:in `call'
rack (3.1.7) lib/rack/sendfile.rb:114:in `call'
actionpack (7.2.1) lib/action_dispatch/middleware/host_authorization.rb:143:in `call'
railties (7.2.1) lib/rails/engine.rb:535:in `call'
puma (6.4.2) lib/puma/configuration.rb:272:in `call'
puma (6.4.2) lib/puma/request.rb:100:in `block in handle_request'
puma (6.4.2) lib/puma/thread_pool.rb:378:in `with_force_shutdown'
puma (6.4.2) lib/puma/request.rb:99:in `handle_request'
puma (6.4.2) lib/puma/server.rb:464:in `process_client'
puma (6.4.2) lib/puma/server.rb:245:in `block in run'
puma (6.4.2) lib/puma/thread_pool.rb:155:in `block in spawn_thread'
  [1m[35m (47.6ms)[0m  [1m[35mCREATE DATABASE "gotorails_development" ENCODING = 'unicode'[0m
  [1m[35m (40.3ms)[0m  [1m[35mCREATE DATABASE "gotorails_test" ENCODING = 'unicode'[0m
Started GET "/" for ::1 at 2024-09-09 11:24:31 +0300
  [1m[35m (5.0ms)[0m  [1m[35mCREATE TABLE "schema_migrations" ("version" character varying NOT NULL PRIMARY KEY)[0m
  [1m[35m (4.7ms)[0m  [1m[35mCREATE TABLE "ar_internal_metadata" ("key" character varying NOT NULL PRIMARY KEY, "value" character varying, "created_at" timestamp(6) NOT NULL, "updated_at" timestamp(6) NOT NULL)[0m
  [1m[36mActiveRecord::SchemaMigration Load (0.4ms)[0m  [1m[34mSELECT "schema_migrations"."version" FROM "schema_migrations" ORDER BY "schema_migrations"."version" ASC[0m
Processing by Rails::WelcomeController#index as HTML
  Rendering /home/bchk/.rvm/gems/ruby-3.2.2/gems/railties-7.2.1/lib/rails/templates/rails/welcome/index.html.erb
  Rendered /home/bchk/.rvm/gems/ruby-3.2.2/gems/railties-7.2.1/lib/rails/templates/rails/welcome/index.html.erb (Duration: 0.4ms | GC: 0.0ms)
Completed 200 OK in 5ms (Views: 1.8ms | ActiveRecord: 0.0ms (0 queries, 0 cached) | GC: 0.4ms)


Started GET "/home" for ::1 at 2024-09-09 11:24:54 +0300
  [1m[36mActiveRecord::SchemaMigration Load (0.3ms)[0m  [1m[34mSELECT "schema_migrations"."version" FROM "schema_migrations" ORDER BY "schema_migrations"."version" ASC[0m
  
ActionController::RoutingError (No route matches [GET] "/home"):
  
Started GET "/favicon.ico" for ::1 at 2024-09-09 11:24:54 +0300
  
ActionController::RoutingError (No route matches [GET] "/favicon.ico"):
  
Started GET "/about" for ::1 at 2024-09-09 11:24:57 +0300
  
ActionController::RoutingError (No route matches [GET] "/about"):
  
Started GET "/" for ::1 at 2024-09-09 11:25:10 +0300
Processing by Rails::WelcomeController#index as HTML
  Rendering /home/bchk/.rvm/gems/ruby-3.2.2/gems/railties-7.2.1/lib/rails/templates/rails/welcome/index.html.erb
  Rendered /home/bchk/.rvm/gems/ruby-3.2.2/gems/railties-7.2.1/lib/rails/templates/rails/welcome/index.html.erb (Duration: 0.9ms | GC: 0.0ms)
Completed 200 OK in 6ms (Views: 2.2ms | ActiveRecord: 0.0ms (0 queries, 0 cached) | GC: 0.0ms)


Started GET "/pages/home" for ::1 at 2024-09-09 11:29:06 +0300
  [1m[36mActiveRecord::SchemaMigration Load (1.0ms)[0m  [1m[34mSELECT "schema_migrations"."version" FROM "schema_migrations" ORDER BY "schema_migrations"."version" ASC[0m
Processing by PagesController#home as HTML
  Rendering layout layouts/application.html.erb
  Rendering pages/home.html.erb within layouts/application
  Rendered pages/home.html.erb within layouts/application (Duration: 0.2ms | GC: 0.0ms)
  Rendered layout layouts/application.html.erb (Duration: 249.6ms | GC: 63.6ms)
Completed 200 OK in 275ms (Views: 251.2ms | ActiveRecord: 0.0ms (0 queries, 0 cached) | GC: 75.2ms)


Started GET "/manifest.json" for ::1 at 2024-09-09 11:29:07 +0300
Processing by Rails::PwaController#manifest as JSON
  Rendering pwa/manifest.json.erb
  Rendered pwa/manifest.json.erb (Duration: 0.5ms | GC: 0.0ms)
Completed 200 OK in 3ms (Views: 2.3ms | ActiveRecord: 0.0ms (0 queries, 0 cached) | GC: 0.0ms)


